#! /usr/share/iverilog-0.9.7/bin/vvp
:ivl_version "0.9.7 " "(v0_9_6)";
:vpi_time_precision - 12;
:vpi_module "system";
:vpi_module "v2005_math";
:vpi_module "va_math";
S_0x22aef00 .scope module, "testCPU" "testCPU" 2 3;
 .timescale -9 -12;
RS_0x7f71aed73018 .resolv tri, v0x22b2bd0_0, v0x22c72a0_0, C4<zz>, C4<zz>;
v0x22c7800_0 .net8 "ack", 1 0, RS_0x7f71aed73018; 2 drivers
v0x22c78d0_0 .var "clock", 0 0;
v0x22c79a0_0 .var "dadoCPU", 1 0;
v0x22c7a20_0 .net "dadoPeriferico", 1 0, v0x22c6cc0_0; 1 drivers
v0x22c7ad0_0 .net "dadoT", 1 0, v0x22c74a0_0; 1 drivers
v0x22c7ba0_0 .var "reset", 0 0;
RS_0x7f71aed73138 .resolv tri, v0x22c6f90_0, v0x22c7680_0, C4<zz>, C4<zz>;
v0x22c7c70_0 .net8 "send", 1 0, RS_0x7f71aed73138; 2 drivers
S_0x22c7120 .scope module, "uutcpu" "fsmCPU" 2 19, 3 2, S_0x22aef00;
 .timescale -9 -12;
v0x22c72a0_0 .var "ack", 1 0;
v0x22c7370_0 .net "clock", 0 0, v0x22c78d0_0; 1 drivers
v0x22c7420_0 .net "dadoCPU", 1 0, v0x22c79a0_0; 1 drivers
v0x22c74a0_0 .var "dadoT", 1 0;
v0x22c7580_0 .var "nextState", 1 0;
v0x22c7600_0 .net "reset", 0 0, v0x22c7ba0_0; 1 drivers
v0x22c7680_0 .var "send", 1 0;
v0x22c7730_0 .var "state", 1 0;
E_0x22c6de0 .event edge, v0x22c7730_0, v0x22c7420_0;
E_0x22c7250 .event edge, v0x22c7730_0, v0x22b2bd0_0;
S_0x22aeff0 .scope module, "uutper" "fsmPeriferico" 2 28, 3 46, S_0x22aef00;
 .timescale -9 -12;
v0x22b2bd0_0 .var "ack", 1 0;
v0x22c6c20_0 .alias "clock", 0 0, v0x22c7370_0;
v0x22c6cc0_0 .var "dadoPeriferico", 1 0;
v0x22c6d60_0 .alias "dadoT", 1 0, v0x22c7ad0_0;
v0x22c6e10_0 .var "nextState", 1 0;
v0x22c6eb0_0 .alias "reset", 0 0, v0x22c7600_0;
v0x22c6f90_0 .var "send", 1 0;
v0x22c7030_0 .var "state", 1 0;
E_0x228a2d0 .event edge, v0x22c7030_0, v0x22c6d60_0;
E_0x228b670 .event edge, v0x22c7030_0, v0x22c6f90_0;
E_0x228b5f0 .event posedge, v0x22c6c20_0;
    .scope S_0x22c7120;
T_0 ;
    %wait E_0x228b5f0;
    %load/v 8, v0x22c7600_0, 1;
    %mov 9, 0, 2;
    %cmpi/u 8, 1, 3;
    %jmp/0xz  T_0.0, 4;
    %ix/load 0, 2, 0;
    %assign/v0 v0x22c7730_0, 0, 0;
    %jmp T_0.1;
T_0.0 ;
    %load/v 8, v0x22c7580_0, 2;
    %ix/load 0, 2, 0;
    %assign/v0 v0x22c7730_0, 0, 8;
T_0.1 ;
    %jmp T_0;
    .thread T_0;
    .scope S_0x22c7120;
T_1 ;
    %wait E_0x22c7250;
    %load/v 8, v0x22c7730_0, 2;
    %load/v 10, v0x22c72a0_0, 2;
    %cmp/u 8, 10, 2;
    %inv 4, 1;
    %jmp/0xz  T_1.0, 4;
    %load/v 8, v0x22c7730_0, 2;
    %set/v v0x22c7580_0, 8, 2;
    %jmp T_1.1;
T_1.0 ;
    %load/v 10, v0x22c7730_0, 2;
    %nor/r 10, 10, 2;
    %mov 8, 10, 1;
    %mov 9, 0, 1;
    %set/v v0x22c7580_0, 8, 2;
T_1.1 ;
    %jmp T_1;
    .thread T_1, $push;
    .scope S_0x22c7120;
T_2 ;
    %wait E_0x22c6de0;
    %load/v 8, v0x22c7730_0, 2;
    %mov 10, 0, 1;
    %cmpi/u 8, 0, 3;
    %jmp/0xz  T_2.0, 4;
    %set/v v0x22c7680_0, 0, 2;
    %set/v v0x22c74a0_0, 0, 2;
    %jmp T_2.1;
T_2.0 ;
    %movi 8, 1, 2;
    %set/v v0x22c7680_0, 8, 2;
    %load/v 8, v0x22c7420_0, 2;
    %set/v v0x22c74a0_0, 8, 2;
T_2.1 ;
    %jmp T_2;
    .thread T_2, $push;
    .scope S_0x22aeff0;
T_3 ;
    %wait E_0x228b5f0;
    %load/v 8, v0x22c6eb0_0, 1;
    %mov 9, 0, 2;
    %cmpi/u 8, 1, 3;
    %jmp/0xz  T_3.0, 4;
    %ix/load 0, 2, 0;
    %assign/v0 v0x22c7030_0, 0, 0;
    %jmp T_3.1;
T_3.0 ;
    %load/v 8, v0x22c6e10_0, 2;
    %ix/load 0, 2, 0;
    %assign/v0 v0x22c7030_0, 0, 8;
T_3.1 ;
    %jmp T_3;
    .thread T_3;
    .scope S_0x22aeff0;
T_4 ;
    %wait E_0x228b670;
    %load/v 8, v0x22c7030_0, 2;
    %load/v 10, v0x22c6f90_0, 2;
    %cmp/u 8, 10, 2;
    %inv 4, 1;
    %jmp/0xz  T_4.0, 4;
    %load/v 8, v0x22c7030_0, 2;
    %set/v v0x22c6e10_0, 8, 2;
    %jmp T_4.1;
T_4.0 ;
    %load/v 10, v0x22c7030_0, 2;
    %nor/r 10, 10, 2;
    %mov 8, 10, 1;
    %mov 9, 0, 1;
    %set/v v0x22c6e10_0, 8, 2;
T_4.1 ;
    %jmp T_4;
    .thread T_4, $push;
    .scope S_0x22aeff0;
T_5 ;
    %wait E_0x228a2d0;
    %load/v 8, v0x22c7030_0, 2;
    %mov 10, 0, 1;
    %cmpi/u 8, 0, 3;
    %jmp/0xz  T_5.0, 4;
    %set/v v0x22b2bd0_0, 0, 2;
    %set/v v0x22c6cc0_0, 0, 2;
    %jmp T_5.1;
T_5.0 ;
    %movi 8, 1, 2;
    %set/v v0x22b2bd0_0, 8, 2;
    %load/v 8, v0x22c6d60_0, 2;
    %set/v v0x22c6cc0_0, 8, 2;
T_5.1 ;
    %jmp T_5;
    .thread T_5, $push;
    .scope S_0x22aef00;
T_6 ;
    %vpi_call 2 39 "$dumpfile", "dump.vcd";
    %vpi_call 2 40 "$dumpvars";
    %set/v v0x22c78d0_0, 0, 1;
    %set/v v0x22c7ba0_0, 1, 1;
    %set/v v0x22c79a0_0, 0, 2;
    %delay 100000, 0;
    %set/v v0x22c7ba0_0, 0, 1;
    %delay 100000, 0;
    %movi 8, 1, 2;
    %set/v v0x22c79a0_0, 8, 2;
    %delay 50000, 0;
    %set/v v0x22c79a0_0, 0, 2;
    %delay 10000, 0;
    %movi 8, 1, 2;
    %set/v v0x22c79a0_0, 8, 2;
    %delay 30000, 0;
    %set/v v0x22c79a0_0, 0, 2;
    %vpi_call 2 59 "$finish";
    %end;
    .thread T_6;
    .scope S_0x22aef00;
T_7 ;
    %delay 5000, 0;
    %load/v 8, v0x22c78d0_0, 1;
    %inv 8, 1;
    %set/v v0x22c78d0_0, 8, 1;
    %jmp T_7;
    .thread T_7;
# The file index is used to find the file name in the following table.
:file_names 4;
    "N/A";
    "<interactive>";
    "testbench.sv";
    "design.sv";
